<?xml version="1.0" encoding="UTF-8" ?>
<testsuite tests="1" failures="0" name="org.example.RunCucumberTest" time="0.149" errors="1" skipped="0">
  <properties>
[...]
</properties>
  <testcase classname="Is it Friday yet? Everybody wants to know when it&apos;s Friday" name="Sunday isn&apos;t Friday" time="0.149">
    <error message="TODO: implement me" type="io.cucumber.java.PendingException">io.cucumber.java.PendingException: TODO: implement me
	at org.example.Stepdefs.today_is_sunday(Stepdefs.java:13)
	at ✽.today is Sunday(classpath:org/example/is_it_friday_yet.feature:5)
</error>
    <system-out>
Scenario: Sunday isn&apos;t Friday        &amp;#27;[90m# org/example/is_it_friday_yet.feature:4&amp;#27;[0m
  &amp;#27;[33mGiven &amp;#27;[0m&amp;#27;[33mtoday is Sunday&amp;#27;[0m              &amp;#27;[90m# org.example.Stepdefs.today_is_sunday()&amp;#27;[0m
      &amp;#27;[33mio.cucumber.java.PendingException: TODO: implement me
	at org.example.Stepdefs.today_is_sunday(Stepdefs.java:13)
	at ✽.today is Sunday(classpath:org/example/is_it_friday_yet.feature:5)
&amp;#27;[0m
  &amp;#27;[36mWhen &amp;#27;[0m&amp;#27;[36mI ask whether it&apos;s Friday yet&amp;#27;[0m &amp;#27;[90m# org.example.Stepdefs.i_ask_whether_it_s_friday_yet()&amp;#27;[0m
  &amp;#27;[36mThen &amp;#27;[0m&amp;#27;[36mI should be told &amp;#27;[0m&amp;#27;[36m&amp;#27;[1m&quot;Nope&quot;&amp;#27;[0m       &amp;#27;[90m# org.example.Stepdefs.i_should_be_told(java.lang.String)&amp;#27;[0m
</system-out>
  </testcase>
</testsuite>